/home/s063/exp/exp2406_s063/anaroot/users/kin/src
add include path : -I/home/s063/exp/exp2406_s063/anaroot/users/kin/src/include
reading libXMLParser.so
reading /home/s063/exp/exp2406_s063/anaroot/users/kin/src/lib/libanaroot.so

 Manual of ANAROOT 
  http://be.nucl.ap.titech.ac.jp/~kondo/moin/moin.cgi/ANAROOT/Manual


Processing macros/UnpackSamuraiData.C("ridf/data1323.ridf", "unpacked/data1323.root")...
  RIBFROOT-Info : [TArtEventStore] Constructor
  RIBFROOT-Info : [TArtStoreManager] Constructor
  RIBFROOT-Info : [/home/s063/svn/2024SAMURAI.s063/sources/Core/src/TArtStoreManager.cc] regist raw data container in store manager : RawEvent
  RIBFROOT-Info : [/home/s063/svn/2024SAMURAI.s063/sources/Core/src/TArtStoreManager.cc] Regist data container in store manager : RunInfo
  RIBFROOT-Info : [/home/s063/svn/2024SAMURAI.s063/sources/Core/src/TArtStoreManager.cc] Regist data container in store manager : EventInfo
  RIBFROOT-Info : [TArtFileDataSource] File = ridf/data1323.ridf
  RIBFROOT-Info : [TArtFileDataSource] Size =  2.88 (MB)
  RIBFROOT-Info : [TArtFileDataSource] Format = RIDF
  RIBFROOT-Info : [TArtFileDataSource] Run name   = data
  RIBFROOT-Info : [TArtFileDataSource] Run number = 1323
  RIBFROOT-Info : [TArtFileDataSource] Start time = 05:52:56
  RIBFROOT-Info : [TArtFileDataSource] Stop time  = 05:55:06
  RIBFROOT-Info : [TArtFileDataSource] Date       = 01-Jul-24
  RIBFROOT-Info : [TArtFileDataSource] Header     = gating grid test
  RIBFROOT-Info : [TArtFileDataSource] Ender      = 
  RIBFROOT-Info : [TArtParserRIDF] Run number = 1323

 no analoop is set

